{"name": "Test delete user", "status": "failed", "statusDetails": {"message": "AssertionError: Expected status code 404, but got 200\nassert 200 == 404\n +  where 200 = <Response [200]>.status_code", "trace": "@allure.feature(\"TEST REQRES.IN\")\n    @allure.suite(\"TEST NEW PROJECT\")\n    @allure.title(\"Test delete user\")\n    @allure.description(\"This test case verifies deleting a user\")\n    @pytest.mark.smoke\n    def test_delete_user():\n        request_url = test_1register.base_url + \"api/users/2\"\n        headers = {\n            'token': test_3login_user.authorization_token\n        }\n    \n        with allure.step(\"Send DELETE request to delete user\"):\n            response = requests.delete(request_url, headers=headers)\n            print(response)\n            assert response.status_code == 204, f\"Expected status code 204, but got {response.status_code}\"\n    \n        with allure.step(\"Verify user deletion by sending a GET request\"):\n            check_response = requests.get(request_url)\n    \n>           assert check_response.status_code == 404, f\"Expected status code 404, but got {check_response.status_code}\"\nE           AssertionError: Expected status code 404, but got 200\nE           assert 200 == 404\nE            +  where 200 = <Response [200]>.status_code\n\ntest_14delete_user.py:29: AssertionError"}, "description": "This test case verifies deleting a user", "steps": [{"name": "Send DELETE request to delete user", "status": "passed", "start": 1720558591113, "stop": 1720558591410}, {"name": "Verify user deletion by sending a GET request", "status": "failed", "statusDetails": {"message": "AssertionError: Expected status code 404, but got 200\nassert 200 == 404\n +  where 200 = <Response [200]>.status_code\n", "trace": "  File \"C:\\Users\\Lenovo\\Desktop\\QA Automation\\reqres\\test_14delete_user.py\", line 29, in test_delete_user\n    assert check_response.status_code == 404, f\"Expected status code 404, but got {check_response.status_code}\"\n"}, "start": 1720558591412, "stop": 1720558591451}], "attachments": [{"name": "stdout", "source": "635c6655-b17b-4732-b740-7b21c010e48e-attachment.txt", "type": "text/plain"}], "start": 1720558591113, "stop": 1720558591453, "uuid": "eee7ada9-fab9-41e0-9e4d-cab0080a4127", "historyId": "33ecb9791ad767ceabbfbc2657297b22", "testCaseId": "33ecb9791ad767ceabbfbc2657297b22", "fullName": "test_14delete_user#test_delete_user", "labels": [{"name": "feature", "value": "TEST REQRES.IN"}, {"name": "suite", "value": "TEST NEW PROJECT"}, {"name": "tag", "value": "smoke"}, {"name": "host", "value": "DESKTOP-08S36KF"}, {"name": "thread", "value": "7312-MainThread"}, {"name": "framework", "value": "pytest"}, {"name": "language", "value": "cpython3"}, {"name": "package", "value": "test_14delete_user"}]}